<?xml version="1.0" encoding="UTF-8"?>
<!-- Generated by org.testng.reporters.JUnitReportReporter -->
<testsuite skipped="0" hostname="Hamzas-MacBook-Pro.local" name="com.qa.ispeakbetter.test.HomePageTest" tests="3" failures="0" timestamp="2020-09-01T14:35:59 CDT" time="3.205" errors="0">
  <testcase name="verifyHomePageTitleTest" time="0.025" classname="com.qa.ispeakbetter.test.HomePageTest"/>
  <system-out/>
  <testcase name="verifyHeaderTest" time="0.734" classname="com.qa.ispeakbetter.test.HomePageTest"/>
  <system-out/>
  <testcase name="doClickOnSupportAndVerifyHeaderTest" time="2.446" classname="com.qa.ispeakbetter.test.HomePageTest"/>
  <system-out/>
</testsuite> <!-- com.qa.ispeakbetter.test.HomePageTest -->
